<?xml version="1.0" encoding="UTF-8"?>
<testng-results skipped="0" failed="0" ignored="0" total="1" passed="1">
  <reporter-output>
  </reporter-output>
  <suite name="Default Suite" duration-ms="35" started-at="2021-03-22T16:56:54Z" finished-at="2021-03-22T16:56:55Z">
    <groups>
    </groups>
    <test name="Maven_Test" duration-ms="35" started-at="2021-03-22T16:56:54Z" finished-at="2021-03-22T16:56:55Z">
      <class name="MavenTestNGClass">
        <test-method status="PASS" signature="setup()[pri:0, instance:MavenTestNGClass@6bdf28bb]" name="setup" duration-ms="8" started-at="2021-03-22T19:56:55Z" finished-at="2021-03-22T19:56:55Z">
          <reporter-output>
          </reporter-output>
        </test-method> <!-- setup -->
      </class> <!-- MavenTestNGClass -->
    </test> <!-- Maven_Test -->
  </suite> <!-- Default Suite -->
</testng-results>
